starting build

**********************************************************************

Test build
build project using make

**********************************************************************
Trying to clean project using make clean
make clean
rm -f runtests*
rm -f *.pyc
Trying to build project using make
make
echo "#!/bin/bash" > runtests
echo "base=/u/c/s/cs537-1/tests/p2a" >> runtests
echo "python \$base/project2a.py --test-path \$base \$@"\
	" | tee runtests.log" >> runtests
echo "exit \$?" >> runtests
chmod a+x runtests


test build PASSED (5 of 5)
 (build project using make)
 file 'wish' exists after make clean, removing

starting exit

**********************************************************************

Test exit
run exit

**********************************************************************
/tmp/tmpxnC0Za/p/./wish


test exit PASSED (5 of 5)
 (run exit)

starting cd

**********************************************************************

Test cd
cd with argument, and cd without argument

**********************************************************************
/tmp/tmpxnC0Za/p/./wish


test cd PASSED (5 of 5)
 (cd with argument, and cd without argument)

starting badcd

**********************************************************************

Test badcd
cd to a bad directory

**********************************************************************
/tmp/tmpxnC0Za/p/./wish


test badcd PASSED (5 of 5)
 (cd to a bad directory)

starting history

**********************************************************************

Test history
test history without argument

**********************************************************************
/tmp/tmpxnC0Za/p/./wish


test history PASSED (5 of 5)
 (test history without argument)

starting historyarg

**********************************************************************

Test historyarg
test history with argument

**********************************************************************
/tmp/tmpxnC0Za/p/./wish


test historyarg PASSED (5 of 5)
 (test history with argument)

starting exec

**********************************************************************

Test exec
path should be /bin

**********************************************************************
/tmp/tmpxnC0Za/p/./wish
Failure: ./wish gave incorrect standard output.
Expected: "wish> Linux\nwish> _\na\nb\nc\nd\ne\nf\ng\nh\ni\nj\nk\nl\nm\nn\no\np\nq\nr\ns\nt\nu\nv\nw\nx\ny\nz\nwish> hello world!\nwish> "
Got:      "wish> Linux\nwish> _\na\nb\nc\nd\ne\nf\ng\nh\ni\nj\nk\nl\nm\nn\no\np\nq\nr\ns\nt\nu\nv\nw\nx\ny\nz\nwish> wish> wish> "


test exec FAILED (0 of 5)
 (path should be /bin)
 ./wish gave incorrect standard output.

 Test it yourself by running
 wish </u/c/s/cs537-1/tests/p2a/exec/in
 and check out the test folder
 /u/c/s/cs537-1/tests/p2a/exec
 to compare your output with reference outputs. 

starting badexec

**********************************************************************

Test badexec
run programs that do not exist in /bin

**********************************************************************
/tmp/tmpxnC0Za/p/./wish


test badexec PASSED (10 of 10)
 (run programs that do not exist in /bin)

starting path

**********************************************************************

Test path
run path and a program that exists in a given path

**********************************************************************
/tmp/tmpxnC0Za/p/./wish


test path PASSED (5 of 5)
 (run path and a program that exists in a given path)

starting path2

**********************************************************************

Test path2
run path with a long pathname and many different paths

**********************************************************************
/tmp/tmpxnC0Za/p/./wish


test path2 PASSED (5 of 5)
 (run path with a long pathname and many different paths)

starting pip

**********************************************************************

Test pip
simple piping

**********************************************************************
/tmp/tmpxnC0Za/p/./wish
Failure: ./wish gave incorrect standard output.
Expected: "wish> 1:this is a very very cheesy test to grep the OS \n3:there is two os here, os\n4:there should be 6 Os word in total\n7:os OS\nwish> "
Got:      "wish> .cat.[cat]wish> "


test pip FAILED (0 of 10)
 (simple piping)
 ./wish gave incorrect standard output.

 Test it yourself by running
 wish </u/c/s/cs537-1/tests/p2a/pip/in
 and check out the test folder
 /u/c/s/cs537-1/tests/p2a/pip
 to compare your output with reference outputs. 

starting line

**********************************************************************

Test line
line with maximum allowed length

**********************************************************************
/tmp/tmpxnC0Za/p/./wish


test line PASSED (5 of 5)
 (line with maximum allowed length)

starting batch

**********************************************************************

Test batch
test batch mode

**********************************************************************
/tmp/tmpxnC0Za/p/./wish /u/c/s/cs537-1/tests/p2a/batch/input


test batch PASSED (5 of 5)
 (test batch mode)

starting badarg

**********************************************************************

Test badarg
extra argument to wish

**********************************************************************
/tmp/tmpxnC0Za/p/./wish /extra


test badarg PASSED (5 of 5)
 (extra argument to wish)

starting whitespace

**********************************************************************

Test whitespace
leading and trailing whitespace, full whitespaces or empty string

**********************************************************************
/tmp/tmpxnC0Za/p/./wish
Failure: ./wish gave incorrect standard output.
Expected: "wish> wish> wish> hello world!\nwish> hello world!\nwish> "
Got:      "wish> wish> wish> wish> wish> wish> wish> wish> wish> "


test whitespace FAILED (0 of 5)
 (leading and trailing whitespace, full whitespaces or empty string)
 ./wish gave incorrect standard output.

 Test it yourself by running
 wish </u/c/s/cs537-1/tests/p2a/whitespace/in
 and check out the test folder
 /u/c/s/cs537-1/tests/p2a/whitespace
 to compare your output with reference outputs. 

starting rdr

**********************************************************************

Test rdr
simple redirection with no standard error

**********************************************************************
/tmp/tmpxnC0Za/p/./wish


test rdr PASSED (10 of 10)
 (simple redirection with no standard error)

**********************************************************************
Summary:
test build PASSED (5 of 5)
 (build project using make)
 file 'wish' exists after make clean, removing

test exit PASSED (5 of 5)
 (run exit)

test cd PASSED (5 of 5)
 (cd with argument, and cd without argument)

test badcd PASSED (5 of 5)
 (cd to a bad directory)

test history PASSED (5 of 5)
 (test history without argument)

test historyarg PASSED (5 of 5)
 (test history with argument)

test exec FAILED (0 of 5)
 (path should be /bin)
 ./wish gave incorrect standard output.

 Test it yourself by running
 wish </u/c/s/cs537-1/tests/p2a/exec/in
 and check out the test folder
 /u/c/s/cs537-1/tests/p2a/exec
 to compare your output with reference outputs. 

test badexec PASSED (10 of 10)
 (run programs that do not exist in /bin)

test path PASSED (5 of 5)
 (run path and a program that exists in a given path)

test path2 PASSED (5 of 5)
 (run path with a long pathname and many different paths)

test pip FAILED (0 of 10)
 (simple piping)
 ./wish gave incorrect standard output.

 Test it yourself by running
 wish </u/c/s/cs537-1/tests/p2a/pip/in
 and check out the test folder
 /u/c/s/cs537-1/tests/p2a/pip
 to compare your output with reference outputs. 

test line PASSED (5 of 5)
 (line with maximum allowed length)

test batch PASSED (5 of 5)
 (test batch mode)

test badarg PASSED (5 of 5)
 (extra argument to wish)

test whitespace FAILED (0 of 5)
 (leading and trailing whitespace, full whitespaces or empty string)
 ./wish gave incorrect standard output.

 Test it yourself by running
 wish </u/c/s/cs537-1/tests/p2a/whitespace/in
 and check out the test folder
 /u/c/s/cs537-1/tests/p2a/whitespace
 to compare your output with reference outputs. 

test rdr PASSED (10 of 10)
 (simple redirection with no standard error)

Passed 13 of 16 tests.
Overall 13 of 16
Points 75 of 95
